<?xml version="1.0" encoding="UTF-8"?>
<!-- Generated by org.testng.reporters.JUnitReportReporter -->
<testsuite hostname="qedge-PC" name="webtabletesting" tests="1" failures="0" timestamp="18 Dec 2015 08:39:38 GMT" time="18.933" errors="0">
  <testcase name="webtabletest" time="18.933" classname="webtabletesting"/>
</testsuite> <!-- webtabletesting -->
