<?xml version="1.0" encoding="UTF-8"?>
<!-- Generated by org.testng.reporters.JUnitReportReporter -->
<testsuite hostname="qedge-PC" name="datadrivenTesting.AjaxTesting" tests="1" failures="0" timestamp="23 Dec 2015 10:10:08 GMT" time="19.840" errors="0">
  <testcase name="ajaxTest" time="19.840" classname="datadrivenTesting.AjaxTesting"/>
</testsuite> <!-- datadrivenTesting.AjaxTesting -->
