<?xml version="1.0" encoding="UTF-8"?>
<!-- Generated by org.testng.reporters.JUnitReportReporter -->
<testsuite hostname="qedge-PC" name="cookiestesting" tests="1" failures="0" timestamp="16 Dec 2015 10:44:06 GMT" time="81.766" errors="0">
  <testcase name="cookiestest" time="81.766" classname="cookiestesting"/>
</testsuite> <!-- cookiestesting -->
