<?xml version="1.0" encoding="UTF-8"?>
<!-- Generated by org.testng.reporters.JUnitReportReporter -->
<testsuite hostname="qedge-PC" name="testsuiteExcution.BookTickect" tests="1" failures="0" timestamp="30 Dec 2015 04:09:28 GMT" time="1.174" errors="0">
  <testcase name="bookTicketTest" time="1.174" classname="testsuiteExcution.BookTickect"/>
</testsuite> <!-- testsuiteExcution.BookTickect -->
