<?xml version="1.0" encoding="UTF-8"?>
<!-- Generated by org.testng.reporters.JUnitReportReporter -->
<testsuite hostname="qedge-PC" name="practiceDataDrivenTest.AmazonReg" tests="1" failures="0" timestamp="26 Dec 2015 10:04:26 GMT" time="53.155" errors="0">
  <testcase name="registrationTest" time="53.155" classname="practiceDataDrivenTest.AmazonReg"/>
</testsuite> <!-- practiceDataDrivenTest.AmazonReg -->
