<?xml version="1.0" encoding="UTF-8"?>
<!-- Generated by org.testng.reporters.JUnitReportReporter -->
<testsuite hostname="qedge-PC" name="datadrivenTesting.LoginusingProperties" tests="1" failures="0" timestamp="24 Dec 2015 05:21:18 GMT" time="18.235" errors="0">
  <testcase name="loginTest" time="18.235" classname="datadrivenTesting.LoginusingProperties"/>
</testsuite> <!-- datadrivenTesting.LoginusingProperties -->
