<?xml version="1.0" encoding="UTF-8"?>
<!-- Generated by org.testng.reporters.JUnitReportReporter -->
<testsuite hostname="qedge-PC" name="datadrivenTesting.FbRegistration" tests="1" failures="0" timestamp="23 Dec 2015 09:07:22 GMT" time="46.431" errors="0">
  <testcase name="registrationTest" time="46.431" classname="datadrivenTesting.FbRegistration"/>
</testsuite> <!-- datadrivenTesting.FbRegistration -->
