<?xml version="1.0" encoding="UTF-8"?>
<!-- Generated by org.testng.reporters.JUnitReportReporter -->
<testsuite hostname="qedge-PC" name="testsuiteExcution.FindAFlight" tests="1" failures="0" timestamp="30 Dec 2015 04:09:28 GMT" time="3.118" errors="0">
  <testcase name="findaflightTest" time="3.118" classname="testsuiteExcution.FindAFlight"/>
</testsuite> <!-- testsuiteExcution.FindAFlight -->
