<?xml version="1.0" encoding="UTF-8"?>
<!-- Generated by org.testng.reporters.JUnitReportReporter -->
<testsuite hostname="qedge-PC" name="datadrivenTesting.YahoologinusingProperties" tests="1" failures="0" timestamp="23 Dec 2015 09:27:52 GMT" time="12.356" errors="0">
  <testcase name="loginTest" time="12.356" classname="datadrivenTesting.YahoologinusingProperties"/>
</testsuite> <!-- datadrivenTesting.YahoologinusingProperties -->
