<?xml version="1.0" encoding="UTF-8"?>
<!-- Generated by org.testng.reporters.JUnitReportReporter -->
<testsuite hostname="qedge-PC" name="datadrivenTesting.LoginusingReflection" tests="1" failures="0" timestamp="23 Dec 2015 10:45:51 GMT" time="12.570" errors="0">
  <testcase name="loginTest" time="12.570" classname="datadrivenTesting.LoginusingReflection"/>
</testsuite> <!-- datadrivenTesting.LoginusingReflection -->
