<?xml version="1.0" encoding="UTF-8"?>
<!-- Generated by org.testng.reporters.JUnitReportReporter -->
<testsuite hostname="qedge-PC" name="keywordDrivenTesting.AmazonAction" tests="1" failures="0" timestamp="28 Dec 2015 05:13:42 GMT" time="32.393" errors="0">
  <testcase name="registrationTest" time="32.393" classname="keywordDrivenTesting.AmazonAction"/>
</testsuite> <!-- keywordDrivenTesting.AmazonAction -->
