<?xml version="1.0" encoding="UTF-8"?>
<!-- Generated by org.testng.reporters.JUnitReportReporter -->
<testsuite hostname="qedge-PC" name="testsuiteExcution.loginTest" tests="1" failures="0" timestamp="30 Dec 2015 04:09:28 GMT" time="13.660" errors="0">
  <testcase name="loginTest1" time="13.660" classname="testsuiteExcution.loginTest"/>
</testsuite> <!-- testsuiteExcution.loginTest -->
