<?xml version="1.0" encoding="UTF-8"?>
<!-- Generated by org.testng.reporters.JUnitReportReporter -->
<testsuite hostname="qedge-PC" name="ajaxautosuggestion" tests="1" failures="0" timestamp="16 Dec 2015 10:01:11 GMT" time="7.210" errors="0">
  <testcase name="ajaxtest" time="7.210" classname="ajaxautosuggestion"/>
</testsuite> <!-- ajaxautosuggestion -->
