<?xml version="1.0" encoding="UTF-8"?>
<!-- Generated by org.testng.reporters.JUnitReportReporter -->
<testsuite hostname="qedge-PC" name="day16.SliderAutomation" tests="1" failures="0" timestamp="16 Dec 2015 07:48:52 GMT" time="89.898" errors="0">
  <testcase name="sliderTest" time="89.898" classname="day16.SliderAutomation"/>
</testsuite> <!-- day16.SliderAutomation -->
