<?xml version="1.0" encoding="UTF-8"?>
<!-- Generated by org.testng.reporters.JUnitReportReporter -->
<testsuite hostname="qedge-PC" name="day16.MultipleWindowsTest" tests="1" failures="0" timestamp="29 Dec 2015 04:09:00 GMT" time="52.038" errors="0">
  <testcase name="multipleWindowsTest" time="52.038" classname="day16.MultipleWindowsTest"/>
</testsuite> <!-- day16.MultipleWindowsTest -->
