<?xml version="1.0" encoding="UTF-8"?>
<!-- Generated by org.testng.reporters.JUnitReportReporter -->
<testsuite hostname="qedge-PC" name="Droganddrop" tests="1" failures="0" timestamp="16 Dec 2015 08:48:07 GMT" time="5.771" errors="0">
  <testcase name="mousehovertest" time="5.771" classname="Droganddrop"/>
</testsuite> <!-- Droganddrop -->
