<?xml version="1.0" encoding="UTF-8"?>
<!-- Generated by org.testng.reporters.JUnitReportReporter -->
<testsuite hostname="qedge-PC" name="datadriventesting" tests="1" failures="0" timestamp="21 Dec 2015 10:22:29 GMT" time="7.779" errors="0">
  <testcase name="registrationtest" time="7.779" classname="datadriventesting"/>
</testsuite> <!-- datadriventesting -->
