<?xml version="1.0" encoding="UTF-8"?>
<!-- Generated by org.testng.reporters.JUnitReportReporter -->
<testsuite hostname="qedge-PC" name="slidebar" tests="1" failures="0" timestamp="16 Dec 2015 09:32:16 GMT" time="85.508" errors="0">
  <testcase name="slidetest" time="85.508" classname="slidebar"/>
</testsuite> <!-- slidebar -->
