<?xml version="1.0" encoding="UTF-8"?>
<!-- Generated by org.testng.reporters.JUnitReportReporter -->
<testsuite hostname="qedge-PC" name="datadrivenTesting.HomeEx" tests="1" failures="0" timestamp="24 Dec 2015 07:51:02 GMT" time="16.566" errors="0">
  <testcase name="loginTest" time="16.566" classname="datadrivenTesting.HomeEx"/>
</testsuite> <!-- datadrivenTesting.HomeEx -->
