<?xml version="1.0" encoding="UTF-8"?>
<!-- Generated by org.testng.reporters.JUnitReportReporter -->
<testsuite hostname="qedge-PC" name="day16.MultipleWindowsHandle" tests="1" failures="0" timestamp="28 Dec 2015 11:23:48 GMT" time="38.412" errors="0">
  <testcase name="multipleWindowsTest" time="38.412" classname="day16.MultipleWindowsHandle"/>
</testsuite> <!-- day16.MultipleWindowsHandle -->
