<?xml version="1.0" encoding="UTF-8"?>
<!-- Generated by org.testng.reporters.JUnitReportReporter -->
<testsuite hostname="qedge-PC" name="testsuiteExcution.SelectAFlight" tests="1" failures="0" timestamp="30 Dec 2015 04:09:28 GMT" time="2.948" errors="0">
  <testcase name="selectFlightTest" time="2.948" classname="testsuiteExcution.SelectAFlight"/>
</testsuite> <!-- testsuiteExcution.SelectAFlight -->
