<?xml version="1.0" encoding="UTF-8"?>
<!-- Generated by org.testng.reporters.JUnitReportReporter -->
<testsuite hostname="qedge-PC" name="practiceDataDrivenTest.ExcelRead" tests="1" failures="0" timestamp="26 Dec 2015 04:52:08 GMT" time="10.940" errors="0">
  <testcase name="registrationTest" time="10.940" classname="practiceDataDrivenTest.ExcelRead"/>
</testsuite> <!-- practiceDataDrivenTest.ExcelRead -->
