<?xml version="1.0" encoding="UTF-8"?>
<!-- Generated by org.testng.reporters.JUnitReportReporter -->
<testsuite hostname="qedge-PC" name="day16.AlertTest" tests="1" failures="0" timestamp="28 Dec 2015 10:12:00 GMT" time="15.788" errors="0">
  <testcase name="alertTesting" time="15.788" classname="day16.AlertTest"/>
</testsuite> <!-- day16.AlertTest -->
