<?xml version="1.0" encoding="UTF-8"?>
<!-- Generated by org.testng.reporters.JUnitReportReporter -->
<testsuite hostname="qedge-PC" name="calandarwebtable" tests="1" failures="0" timestamp="22 Dec 2015 11:04:47 GMT" time="42.037" errors="0">
  <testcase name="webtabletest" time="42.037" classname="calandarwebtable"/>
</testsuite> <!-- calandarwebtable -->
