<?xml version="1.0" encoding="UTF-8"?>
<!-- Generated by org.testng.reporters.JUnitReportReporter -->
<testsuite hostname="qedge-PC" name="day16.RightClick" tests="1" failures="0" timestamp="16 Dec 2015 06:59:15 GMT" time="14.415" errors="0">
  <testcase name="rightClickTest" time="14.415" classname="day16.RightClick"/>
</testsuite> <!-- day16.RightClick -->
