<?xml version="1.0" encoding="UTF-8"?>
<!-- Generated by org.testng.reporters.JUnitReportReporter -->
<testsuite hostname="qedge-PC" name="keywordDrivenTesting.PropertiesTest1" tests="1" failures="0" timestamp="28 Dec 2015 04:42:37 GMT" time="36.112" errors="0">
  <testcase name="registrationTest" time="36.112" classname="keywordDrivenTesting.PropertiesTest1"/>
</testsuite> <!-- keywordDrivenTesting.PropertiesTest1 -->
