<?xml version="1.0" encoding="UTF-8"?>
<!-- Generated by org.testng.reporters.JUnitReportReporter -->
<testsuite hostname="qedge-PC" name="datadrivenTesting.LoginTestusingKeywords" tests="1" failures="0" timestamp="24 Dec 2015 05:20:24 GMT" time="18.137" errors="0">
  <testcase name="loginTest" time="18.137" classname="datadrivenTesting.LoginTestusingKeywords"/>
</testsuite> <!-- datadrivenTesting.LoginTestusingKeywords -->
