<?xml version="1.0" encoding="UTF-8"?>
<!-- Generated by org.testng.reporters.JUnitReportReporter -->
<testsuite hostname="qedge-PC" name="testsuiteExcution.Conformation" tests="1" failures="0" timestamp="30 Dec 2015 04:09:28 GMT" time="0.043" errors="0">
  <testcase name="conformationTest" time="0.043" classname="testsuiteExcution.Conformation"/>
</testsuite> <!-- testsuiteExcution.Conformation -->
