<?xml version="1.0" encoding="UTF-8"?>
<!-- Generated by org.testng.reporters.JUnitReportReporter -->
<testsuite hostname="qedge-PC" name="keywordDrivenTesting.ActionandPropertiesTest" tests="1" failures="0" timestamp="28 Dec 2015 08:23:57 GMT" time="32.641" errors="0">
  <testcase name="registrationTest" time="32.641" classname="keywordDrivenTesting.ActionandPropertiesTest"/>
</testsuite> <!-- keywordDrivenTesting.ActionandPropertiesTest -->
